<?xml version="1.0" encoding="UTF-8"?>
<!-- Generated by org.testng.reporters.JUnitXMLReporter -->
<testsuite ignored="0" hostname="LAPTOP-O7V3E45O" failures="0" tests="2" name="ErrorValidationTest" time="16.499" errors="0" timestamp="2024-04-22T15:54:01 IST">
  <testcase classname="SeleniumFrameworkDesign.ErrorValidation" name="LoginErrorValidation" time="0.881"/>
  <testcase classname="SeleniumFrameworkDesign.ErrorValidation" name="ProductErrorValidation" time="3.41"/>
</testsuite> <!-- ErrorValidationTest -->
