<?xml version="1.0" encoding="UTF-8"?>
<!-- Generated by org.testng.reporters.JUnitXMLReporter -->
<testsuite ignored="0" hostname="LAPTOP-O7V3E45O" failures="0" tests="3" name="StandAloneTest" time="24.073" errors="0" timestamp="2024-04-22T15:54:09 IST">
  <testcase classname="SeleniumFrameworkDesign.StandAloneTest" name="standalone" time="3.981"/>
  <testcase classname="SeleniumFrameworkDesign.StandAloneTest" name="standalone" time="4.265"/>
  <testcase classname="SeleniumFrameworkDesign.StandAloneTest" name="OrderHistory" time="0.494"/>
</testsuite> <!-- StandAloneTest -->
