<?xml version="1.0" encoding="UTF-8"?>
<!-- Generated by org.testng.reporters.JUnitXMLReporter -->
<testsuite ignored="0" hostname="LAPTOP-O7V3E45O" failures="0" tests="2" name="ErrorValidationTest" time="12.239" errors="0" timestamp="2024-04-24T18:29:43 IST">
  <testcase classname="SeleniumFrameworkDesign.ErrorValidation" name="LoginErrorValidation" time="0.937"/>
  <testcase classname="SeleniumFrameworkDesign.ErrorValidation" name="ProductErrorValidation" time="3.368"/>
</testsuite> <!-- ErrorValidationTest -->
