<?xml version="1.0" encoding="UTF-8"?>
<!-- Generated by org.testng.reporters.JUnitXMLReporter -->
<testsuite ignored="0" hostname="LAPTOP-O7V3E45O" failures="0" tests="3" name="StandAloneTest" time="20.426" errors="0" timestamp="2024-04-24T18:29:51 IST">
  <testcase classname="SeleniumFrameworkDesign.StandAloneTest" name="standalone" time="4.083"/>
  <testcase classname="SeleniumFrameworkDesign.StandAloneTest" name="standalone" time="4.121"/>
  <testcase classname="SeleniumFrameworkDesign.StandAloneTest" name="OrderHistory" time="0.498"/>
</testsuite> <!-- StandAloneTest -->
